/opt/conda/envs/detection/lib/python3.7/site-packages/mmdet/core/anchor/anchor_generator.py:324: UserWarning: ``grid_anchors`` would be deprecated soon. Please use ``grid_priors``
  warnings.warn('``grid_anchors`` would be deprecated soon. '
/opt/conda/envs/detection/lib/python3.7/site-packages/mmdet/core/anchor/anchor_generator.py:361: UserWarning: ``single_level_grid_anchors`` would be deprecated soon. Please use ``single_level_grid_priors``
  '``single_level_grid_anchors`` would be deprecated soon. '
wandb: ERROR Dropped streaming file chunk (see wandb/debug-internal.log)
ERROR:root:dropped chunk 404 Client Error: Not Found for url: https://api.wandb.ai/files/boostcampaitech2-object-detection-level2-cv-03/p-stage_object_detection/36qxerj2/file_stream
NoneType: None
Exception in thread Thread-12:
Traceback (most recent call last):
  File "/opt/conda/envs/detection/lib/python3.7/site-packages/wandb/apis/normalize.py", line 24, in wrapper
    return func(*args, **kwargs)
  File "/opt/conda/envs/detection/lib/python3.7/site-packages/wandb/sdk/internal/internal_api.py", line 1243, in upload_urls
    run = query_result["model"]["bucket"]
TypeError: 'NoneType' object is not subscriptable
During handling of the above exception, another exception occurred:
Traceback (most recent call last):
  File "/opt/conda/envs/detection/lib/python3.7/threading.py", line 926, in _bootstrap_inner
    self.run()
  File "/opt/conda/envs/detection/lib/python3.7/site-packages/wandb/filesync/upload_job.py", line 56, in run
    success = self.push()
  File "/opt/conda/envs/detection/lib/python3.7/site-packages/wandb/filesync/upload_job.py", line 112, in push
    _, upload_headers, result = self._api.upload_urls(project, [self.save_name])
  File "/opt/conda/envs/detection/lib/python3.7/site-packages/wandb/apis/normalize.py", line 62, in wrapper
    six.reraise(CommError, CommError(message, err), sys.exc_info()[2])
  File "/opt/conda/envs/detection/lib/python3.7/site-packages/six.py", line 718, in reraise
    raise value.with_traceback(tb)
  File "/opt/conda/envs/detection/lib/python3.7/site-packages/wandb/apis/normalize.py", line 24, in wrapper
    return func(*args, **kwargs)
  File "/opt/conda/envs/detection/lib/python3.7/site-packages/wandb/sdk/internal/internal_api.py", line 1243, in upload_urls
    run = query_result["model"]["bucket"]
wandb.errors.CommError: 'NoneType' object is not subscriptable
Exception in thread Thread-11:
Traceback (most recent call last):
  File "/opt/conda/envs/detection/lib/python3.7/site-packages/wandb/apis/normalize.py", line 24, in wrapper
    return func(*args, **kwargs)
  File "/opt/conda/envs/detection/lib/python3.7/site-packages/wandb/sdk/internal/internal_api.py", line 1243, in upload_urls
    run = query_result["model"]["bucket"]
TypeError: 'NoneType' object is not subscriptable
During handling of the above exception, another exception occurred:
Traceback (most recent call last):
  File "/opt/conda/envs/detection/lib/python3.7/threading.py", line 926, in _bootstrap_inner
    self.run()
  File "/opt/conda/envs/detection/lib/python3.7/site-packages/wandb/filesync/upload_job.py", line 56, in run
    success = self.push()
  File "/opt/conda/envs/detection/lib/python3.7/site-packages/wandb/filesync/upload_job.py", line 112, in push
    _, upload_headers, result = self._api.upload_urls(project, [self.save_name])
  File "/opt/conda/envs/detection/lib/python3.7/site-packages/wandb/apis/normalize.py", line 62, in wrapper
    six.reraise(CommError, CommError(message, err), sys.exc_info()[2])
  File "/opt/conda/envs/detection/lib/python3.7/site-packages/six.py", line 718, in reraise
    raise value.with_traceback(tb)
  File "/opt/conda/envs/detection/lib/python3.7/site-packages/wandb/apis/normalize.py", line 24, in wrapper
    return func(*args, **kwargs)
  File "/opt/conda/envs/detection/lib/python3.7/site-packages/wandb/sdk/internal/internal_api.py", line 1243, in upload_urls
    run = query_result["model"]["bucket"]
wandb.errors.CommError: 'NoneType' object is not subscriptable
Exception in thread Thread-13:
Traceback (most recent call last):
  File "/opt/conda/envs/detection/lib/python3.7/site-packages/wandb/apis/normalize.py", line 24, in wrapper
    return func(*args, **kwargs)
  File "/opt/conda/envs/detection/lib/python3.7/site-packages/wandb/sdk/internal/internal_api.py", line 1243, in upload_urls
    run = query_result["model"]["bucket"]
TypeError: 'NoneType' object is not subscriptable
During handling of the above exception, another exception occurred:
Traceback (most recent call last):
  File "/opt/conda/envs/detection/lib/python3.7/threading.py", line 926, in _bootstrap_inner
    self.run()
  File "/opt/conda/envs/detection/lib/python3.7/site-packages/wandb/filesync/upload_job.py", line 56, in run
    success = self.push()
  File "/opt/conda/envs/detection/lib/python3.7/site-packages/wandb/filesync/upload_job.py", line 112, in push
    _, upload_headers, result = self._api.upload_urls(project, [self.save_name])
  File "/opt/conda/envs/detection/lib/python3.7/site-packages/wandb/apis/normalize.py", line 62, in wrapper
    six.reraise(CommError, CommError(message, err), sys.exc_info()[2])
  File "/opt/conda/envs/detection/lib/python3.7/site-packages/six.py", line 718, in reraise
    raise value.with_traceback(tb)
  File "/opt/conda/envs/detection/lib/python3.7/site-packages/wandb/apis/normalize.py", line 24, in wrapper
    return func(*args, **kwargs)
  File "/opt/conda/envs/detection/lib/python3.7/site-packages/wandb/sdk/internal/internal_api.py", line 1243, in upload_urls
    run = query_result["model"]["bucket"]
wandb.errors.CommError: 'NoneType' object is not subscriptable
wandb: ERROR Dropped streaming file chunk (see wandb/debug-internal.log)
ERROR:root:dropped chunk 404 Client Error: Not Found for url: https://api.wandb.ai/files/boostcampaitech2-object-detection-level2-cv-03/p-stage_object_detection/36qxerj2/file_stream
NoneType: None
wandb: ERROR Dropped streaming file chunk (see wandb/debug-internal.log)
ERROR:root:dropped chunk 404 Client Error: Not Found for url: https://api.wandb.ai/files/boostcampaitech2-object-detection-level2-cv-03/p-stage_object_detection/36qxerj2/file_stream
NoneType: None
wandb: ERROR Dropped streaming file chunk (see wandb/debug-internal.log)
ERROR:root:dropped chunk 404 Client Error: Not Found for url: https://api.wandb.ai/files/boostcampaitech2-object-detection-level2-cv-03/p-stage_object_detection/36qxerj2/file_stream
NoneType: None
wandb: ERROR Dropped streaming file chunk (see wandb/debug-internal.log)
ERROR:root:dropped chunk 404 Client Error: Not Found for url: https://api.wandb.ai/files/boostcampaitech2-object-detection-level2-cv-03/p-stage_object_detection/36qxerj2/file_stream
NoneType: None
wandb: ERROR Dropped streaming file chunk (see wandb/debug-internal.log)
ERROR:root:dropped chunk 404 Client Error: Not Found for url: https://api.wandb.ai/files/boostcampaitech2-object-detection-level2-cv-03/p-stage_object_detection/36qxerj2/file_stream
NoneType: None
wandb: ERROR Dropped streaming file chunk (see wandb/debug-internal.log)
ERROR:root:dropped chunk 404 Client Error: Not Found for url: https://api.wandb.ai/files/boostcampaitech2-object-detection-level2-cv-03/p-stage_object_detection/36qxerj2/file_stream
NoneType: None
wandb: ERROR Dropped streaming file chunk (see wandb/debug-internal.log)
ERROR:root:dropped chunk 404 Client Error: Not Found for url: https://api.wandb.ai/files/boostcampaitech2-object-detection-level2-cv-03/p-stage_object_detection/36qxerj2/file_stream
NoneType: None
wandb: ERROR Dropped streaming file chunk (see wandb/debug-internal.log)
ERROR:root:dropped chunk 404 Client Error: Not Found for url: https://api.wandb.ai/files/boostcampaitech2-object-detection-level2-cv-03/p-stage_object_detection/36qxerj2/file_stream
NoneType: None
wandb: ERROR Dropped streaming file chunk (see wandb/debug-internal.log)
ERROR:root:dropped chunk 404 Client Error: Not Found for url: https://api.wandb.ai/files/boostcampaitech2-object-detection-level2-cv-03/p-stage_object_detection/36qxerj2/file_stream
NoneType: None
wandb: ERROR Dropped streaming file chunk (see wandb/debug-internal.log)
ERROR:root:dropped chunk 404 Client Error: Not Found for url: https://api.wandb.ai/files/boostcampaitech2-object-detection-level2-cv-03/p-stage_object_detection/36qxerj2/file_stream
NoneType: None
wandb: ERROR Dropped streaming file chunk (see wandb/debug-internal.log)
ERROR:root:dropped chunk 404 Client Error: Not Found for url: https://api.wandb.ai/files/boostcampaitech2-object-detection-level2-cv-03/p-stage_object_detection/36qxerj2/file_stream
NoneType: None
wandb: ERROR Dropped streaming file chunk (see wandb/debug-internal.log)
ERROR:root:dropped chunk 404 Client Error: Not Found for url: https://api.wandb.ai/files/boostcampaitech2-object-detection-level2-cv-03/p-stage_object_detection/36qxerj2/file_stream
NoneType: None
wandb: ERROR Dropped streaming file chunk (see wandb/debug-internal.log)
ERROR:root:dropped chunk 404 Client Error: Not Found for url: https://api.wandb.ai/files/boostcampaitech2-object-detection-level2-cv-03/p-stage_object_detection/36qxerj2/file_stream
NoneType: None
wandb: ERROR Dropped streaming file chunk (see wandb/debug-internal.log)
ERROR:root:dropped chunk 404 Client Error: Not Found for url: https://api.wandb.ai/files/boostcampaitech2-object-detection-level2-cv-03/p-stage_object_detection/36qxerj2/file_stream
NoneType: None
wandb: ERROR Dropped streaming file chunk (see wandb/debug-internal.log)
ERROR:root:dropped chunk 404 Client Error: Not Found for url: https://api.wandb.ai/files/boostcampaitech2-object-detection-level2-cv-03/p-stage_object_detection/36qxerj2/file_stream
NoneType: None
wandb: ERROR Dropped streaming file chunk (see wandb/debug-internal.log)
ERROR:root:dropped chunk 404 Client Error: Not Found for url: https://api.wandb.ai/files/boostcampaitech2-object-detection-level2-cv-03/p-stage_object_detection/36qxerj2/file_stream
NoneType: None
wandb: ERROR Dropped streaming file chunk (see wandb/debug-internal.log)
ERROR:root:dropped chunk 404 Client Error: Not Found for url: https://api.wandb.ai/files/boostcampaitech2-object-detection-level2-cv-03/p-stage_object_detection/36qxerj2/file_stream
NoneType: None
wandb: ERROR Dropped streaming file chunk (see wandb/debug-internal.log)
ERROR:root:dropped chunk 404 Client Error: Not Found for url: https://api.wandb.ai/files/boostcampaitech2-object-detection-level2-cv-03/p-stage_object_detection/36qxerj2/file_stream
NoneType: None
wandb: ERROR Dropped streaming file chunk (see wandb/debug-internal.log)
ERROR:root:dropped chunk 404 Client Error: Not Found for url: https://api.wandb.ai/files/boostcampaitech2-object-detection-level2-cv-03/p-stage_object_detection/36qxerj2/file_stream
NoneType: None
wandb: ERROR Dropped streaming file chunk (see wandb/debug-internal.log)
ERROR:root:dropped chunk 404 Client Error: Not Found for url: https://api.wandb.ai/files/boostcampaitech2-object-detection-level2-cv-03/p-stage_object_detection/36qxerj2/file_stream
NoneType: None
wandb: ERROR Dropped streaming file chunk (see wandb/debug-internal.log)
ERROR:root:dropped chunk 404 Client Error: Not Found for url: https://api.wandb.ai/files/boostcampaitech2-object-detection-level2-cv-03/p-stage_object_detection/36qxerj2/file_stream
NoneType: None
wandb: ERROR Dropped streaming file chunk (see wandb/debug-internal.log)
ERROR:root:dropped chunk 404 Client Error: Not Found for url: https://api.wandb.ai/files/boostcampaitech2-object-detection-level2-cv-03/p-stage_object_detection/36qxerj2/file_stream
NoneType: None
wandb: ERROR Dropped streaming file chunk (see wandb/debug-internal.log)
ERROR:root:dropped chunk 404 Client Error: Not Found for url: https://api.wandb.ai/files/boostcampaitech2-object-detection-level2-cv-03/p-stage_object_detection/36qxerj2/file_stream
NoneType: None
wandb: ERROR Dropped streaming file chunk (see wandb/debug-internal.log)
ERROR:root:dropped chunk 404 Client Error: Not Found for url: https://api.wandb.ai/files/boostcampaitech2-object-detection-level2-cv-03/p-stage_object_detection/36qxerj2/file_stream
NoneType: None
wandb: ERROR Dropped streaming file chunk (see wandb/debug-internal.log)
ERROR:root:dropped chunk 404 Client Error: Not Found for url: https://api.wandb.ai/files/boostcampaitech2-object-detection-level2-cv-03/p-stage_object_detection/36qxerj2/file_stream
NoneType: None
wandb: ERROR Dropped streaming file chunk (see wandb/debug-internal.log)
ERROR:root:dropped chunk 404 Client Error: Not Found for url: https://api.wandb.ai/files/boostcampaitech2-object-detection-level2-cv-03/p-stage_object_detection/36qxerj2/file_stream
NoneType: None
wandb: ERROR Dropped streaming file chunk (see wandb/debug-internal.log)
ERROR:root:dropped chunk 404 Client Error: Not Found for url: https://api.wandb.ai/files/boostcampaitech2-object-detection-level2-cv-03/p-stage_object_detection/36qxerj2/file_stream
NoneType: None